**********************
Windows PowerShell transcript start
Start time: 20250104224058
Username: SIRAJ\siraj
RunAs User: SIRAJ\siraj
Configuration Name: 
Machine: SIRAJ (Microsoft Windows NT 10.0.22631.0)
Host Application: C:\windows\System32\WindowsPowerShell\v1.0\powershell.exe -noexit -command try { . "c:\Users\siraj\AppData\Local\Programs\Microsoft VS Code\resources\app\out\vs\workbench\contrib\terminal\common\scripts\shellIntegration.ps1" } catch {}
Process ID: 22608
PSVersion: 5.1.22621.4391
PSEdition: Desktop
PSCompatibleVersions: 1.0, 2.0, 3.0, 4.0, 5.0, 5.1.22621.4391
BuildVersion: 10.0.22621.4391
CLRVersion: 4.0.30319.42000
WSManStackVersion: 3.0
PSRemotingProtocolVersion: 2.3
SerializationVersion: 1.1.0.1
**********************
Transcript started, output file is ./SirajLogFile.log
]633;D;0]633;A]633;P;Cwd=C:\x5cUsers\x5csiraj\x5cOneDrive\x5cDesktop\x5cElectronics and Computing\x5cCHIP-8 EmulatorPS C:\Users\siraj\OneDrive\Desktop\Electronics and Computing\CHIP-8 Emulator> ]633;B
PS>Stop-Transcript
**********************
Windows PowerShell transcript end
End time: 20250104224228
**********************
